{"/Users/alfiekelly/Desktop/quizzical/client/src/store.js": {"path":"/Users/alfiekelly/Desktop/quizzical/client/src/store.js","statementMap":{},"fnMap":{},"branchMap":{},"s":{},"f":{},"b":{},"_coverageSchema":"1a1c01bbd47fc00a2c39e90264f33305004495a9","hash":"330301642b2d44d01be123c33a2fa7655d46b0f2"}
,"/Users/alfiekelly/Desktop/quizzical/client/src/Pages/BeforeYouStartPage/index.js": {"path":"/Users/alfiekelly/Desktop/quizzical/client/src/Pages/BeforeYouStartPage/index.js","statementMap":{"0":{"start":{"line":5,"column":31},"end":{"line":13,"column":1}},"1":{"start":{"line":6,"column":19},"end":{"line":6,"column":32}},"2":{"start":{"line":8,"column":2},"end":{"line":12,"column":4}},"3":{"start":{"line":15,"column":27},"end":{"line":52,"column":1}},"4":{"start":{"line":16,"column":19},"end":{"line":16,"column":32}},"5":{"start":{"line":17,"column":2},"end":{"line":51,"column":4}},"6":{"start":{"line":44,"column":25},"end":{"line":44,"column":46}}},"fnMap":{"0":{"name":"(anonymous_0)","decl":{"start":{"line":5,"column":31},"end":{"line":5,"column":32}},"loc":{"start":{"line":5,"column":37},"end":{"line":13,"column":1}},"line":5},"1":{"name":"(anonymous_1)","decl":{"start":{"line":15,"column":27},"end":{"line":15,"column":28}},"loc":{"start":{"line":15,"column":33},"end":{"line":52,"column":1}},"line":15},"2":{"name":"(anonymous_2)","decl":{"start":{"line":44,"column":19},"end":{"line":44,"column":20}},"loc":{"start":{"line":44,"column":25},"end":{"line":44,"column":46}},"line":44}},"branchMap":{},"s":{"0":1,"1":3,"2":3,"3":1,"4":4,"5":3,"6":1},"f":{"0":3,"1":4,"2":1},"b":{},"_coverageSchema":"1a1c01bbd47fc00a2c39e90264f33305004495a9","hash":"42c55d1608b0eddd0a3cb527e768775c78961768"}
,"/Users/alfiekelly/Desktop/quizzical/client/src/Pages/LandingPage/index.js": {"path":"/Users/alfiekelly/Desktop/quizzical/client/src/Pages/LandingPage/index.js","statementMap":{"0":{"start":{"line":5,"column":31},"end":{"line":13,"column":1}},"1":{"start":{"line":6,"column":19},"end":{"line":6,"column":32}},"2":{"start":{"line":8,"column":2},"end":{"line":12,"column":4}},"3":{"start":{"line":15,"column":20},"end":{"line":53,"column":1}},"4":{"start":{"line":17,"column":19},"end":{"line":17,"column":32}},"5":{"start":{"line":19,"column":2},"end":{"line":52,"column":4}},"6":{"start":{"line":36,"column":27},"end":{"line":36,"column":45}},"7":{"start":{"line":43,"column":27},"end":{"line":43,"column":45}}},"fnMap":{"0":{"name":"(anonymous_0)","decl":{"start":{"line":5,"column":31},"end":{"line":5,"column":32}},"loc":{"start":{"line":5,"column":37},"end":{"line":13,"column":1}},"line":5},"1":{"name":"(anonymous_1)","decl":{"start":{"line":15,"column":20},"end":{"line":15,"column":21}},"loc":{"start":{"line":15,"column":26},"end":{"line":53,"column":1}},"line":15},"2":{"name":"(anonymous_2)","decl":{"start":{"line":36,"column":21},"end":{"line":36,"column":22}},"loc":{"start":{"line":36,"column":27},"end":{"line":36,"column":45}},"line":36},"3":{"name":"(anonymous_3)","decl":{"start":{"line":43,"column":21},"end":{"line":43,"column":22}},"loc":{"start":{"line":43,"column":27},"end":{"line":43,"column":45}},"line":43}},"branchMap":{},"s":{"0":1,"1":7,"2":6,"3":1,"4":7,"5":6,"6":1,"7":1},"f":{"0":7,"1":7,"2":1,"3":1},"b":{},"_coverageSchema":"1a1c01bbd47fc00a2c39e90264f33305004495a9","hash":"0ba6e66495678aa857fd469ec7e546cbe7bd259f"}
,"/Users/alfiekelly/Desktop/quizzical/client/src/Pages/ResultsPage/index.js": {"path":"/Users/alfiekelly/Desktop/quizzical/client/src/Pages/ResultsPage/index.js","statementMap":{"0":{"start":{"line":5,"column":31},"end":{"line":13,"column":1}},"1":{"start":{"line":6,"column":19},"end":{"line":6,"column":32}},"2":{"start":{"line":8,"column":2},"end":{"line":12,"column":4}},"3":{"start":{"line":15,"column":20},"end":{"line":77,"column":1}},"4":{"start":{"line":16,"column":19},"end":{"line":16,"column":32}},"5":{"start":{"line":17,"column":2},"end":{"line":76,"column":4}},"6":{"start":{"line":67,"column":29},"end":{"line":67,"column":50}}},"fnMap":{"0":{"name":"(anonymous_0)","decl":{"start":{"line":5,"column":31},"end":{"line":5,"column":32}},"loc":{"start":{"line":5,"column":37},"end":{"line":13,"column":1}},"line":5},"1":{"name":"(anonymous_1)","decl":{"start":{"line":15,"column":20},"end":{"line":15,"column":21}},"loc":{"start":{"line":15,"column":26},"end":{"line":77,"column":1}},"line":15},"2":{"name":"(anonymous_2)","decl":{"start":{"line":67,"column":23},"end":{"line":67,"column":24}},"loc":{"start":{"line":67,"column":29},"end":{"line":67,"column":50}},"line":67}},"branchMap":{},"s":{"0":1,"1":3,"2":3,"3":1,"4":4,"5":3,"6":1},"f":{"0":3,"1":4,"2":1},"b":{},"_coverageSchema":"1a1c01bbd47fc00a2c39e90264f33305004495a9","hash":"f68196eb134e7a330af488d953b02197428832b9"}
,"/Users/alfiekelly/Desktop/quizzical/client/src/components/index.js": {"path":"/Users/alfiekelly/Desktop/quizzical/client/src/components/index.js","statementMap":{"0":{"start":{"line":10,"column":34},"end":{"line":23,"column":1}},"1":{"start":{"line":25,"column":26},"end":{"line":38,"column":1}},"2":{"start":{"line":40,"column":25},"end":{"line":53,"column":1}},"3":{"start":{"line":55,"column":33},"end":{"line":59,"column":1}},"4":{"start":{"line":61,"column":28},"end":{"line":66,"column":1}},"5":{"start":{"line":68,"column":32},"end":{"line":73,"column":1}}},"fnMap":{},"branchMap":{},"s":{"0":3,"1":3,"2":3,"3":3,"4":3,"5":3},"f":{},"b":{},"_coverageSchema":"1a1c01bbd47fc00a2c39e90264f33305004495a9","hash":"256c4a0ebc508b00ad73e2d99098b79339fa17e3"}
,"/Users/alfiekelly/Desktop/quizzical/client/src/components/Categories/index.js": {"path":"/Users/alfiekelly/Desktop/quizzical/client/src/components/Categories/index.js","statementMap":{"0":{"start":{"line":15,"column":19},"end":{"line":69,"column":1}},"1":{"start":{"line":16,"column":19},"end":{"line":16,"column":32}},"2":{"start":{"line":18,"column":28},"end":{"line":18,"column":40}},"3":{"start":{"line":20,"column":23},"end":{"line":20,"column":56}},"4":{"start":{"line":20,"column":31},"end":{"line":20,"column":55}},"5":{"start":{"line":22,"column":24},"end":{"line":22,"column":47}},"6":{"start":{"line":25,"column":27},"end":{"line":25,"column":50}},"7":{"start":{"line":27,"column":25},"end":{"line":27,"column":70}},"8":{"start":{"line":27,"column":46},"end":{"line":27,"column":69}},"9":{"start":{"line":30,"column":2},"end":{"line":34,"column":33}},"10":{"start":{"line":31,"column":4},"end":{"line":33,"column":5}},"11":{"start":{"line":32,"column":6},"end":{"line":32,"column":34}},"12":{"start":{"line":37,"column":2},"end":{"line":37,"column":31}},"13":{"start":{"line":41,"column":4},"end":{"line":47,"column":3}},"14":{"start":{"line":42,"column":6},"end":{"line":46,"column":6}},"15":{"start":{"line":49,"column":2},"end":{"line":55,"column":3}},"16":{"start":{"line":50,"column":4},"end":{"line":54,"column":6}},"17":{"start":{"line":57,"column":2},"end":{"line":68,"column":4}},"18":{"start":{"line":63,"column":12},"end":{"line":63,"column":59}}},"fnMap":{"0":{"name":"(anonymous_0)","decl":{"start":{"line":15,"column":19},"end":{"line":15,"column":20}},"loc":{"start":{"line":15,"column":25},"end":{"line":69,"column":1}},"line":15},"1":{"name":"(anonymous_1)","decl":{"start":{"line":20,"column":23},"end":{"line":20,"column":24}},"loc":{"start":{"line":20,"column":30},"end":{"line":20,"column":56}},"line":20},"2":{"name":"(anonymous_2)","decl":{"start":{"line":27,"column":37},"end":{"line":27,"column":38}},"loc":{"start":{"line":27,"column":46},"end":{"line":27,"column":69}},"line":27},"3":{"name":"(anonymous_3)","decl":{"start":{"line":30,"column":12},"end":{"line":30,"column":13}},"loc":{"start":{"line":30,"column":18},"end":{"line":34,"column":3}},"line":30},"4":{"name":"(anonymous_4)","decl":{"start":{"line":62,"column":32},"end":{"line":62,"column":33}},"loc":{"start":{"line":63,"column":12},"end":{"line":63,"column":59}},"line":63}},"branchMap":{"0":{"loc":{"start":{"line":31,"column":4},"end":{"line":33,"column":5}},"type":"if","locations":[{"start":{"line":31,"column":4},"end":{"line":33,"column":5}},{"start":{},"end":{}}],"line":31},"1":{"loc":{"start":{"line":41,"column":4},"end":{"line":47,"column":3}},"type":"if","locations":[{"start":{"line":41,"column":4},"end":{"line":47,"column":3}},{"start":{},"end":{}}],"line":41},"2":{"loc":{"start":{"line":49,"column":2},"end":{"line":55,"column":3}},"type":"if","locations":[{"start":{"line":49,"column":2},"end":{"line":55,"column":3}},{"start":{},"end":{}}],"line":49}},"s":{"0":4,"1":2,"2":2,"3":2,"4":0,"5":2,"6":2,"7":2,"8":3,"9":2,"10":2,"11":1,"12":2,"13":2,"14":1,"15":1,"16":0,"17":1,"18":0},"f":{"0":2,"1":0,"2":3,"3":2,"4":0},"b":{"0":[1,1],"1":[1,1],"2":[0,1]},"_coverageSchema":"1a1c01bbd47fc00a2c39e90264f33305004495a9","hash":"5eb7b9ed13b97643dc031060a01520946adac85d"}
,"/Users/alfiekelly/Desktop/quizzical/client/src/components/Footer/index.js": {"path":"/Users/alfiekelly/Desktop/quizzical/client/src/components/Footer/index.js","statementMap":{"0":{"start":{"line":3,"column":15},"end":{"line":25,"column":1}},"1":{"start":{"line":4,"column":2},"end":{"line":24,"column":4}}},"fnMap":{"0":{"name":"(anonymous_0)","decl":{"start":{"line":3,"column":15},"end":{"line":3,"column":16}},"loc":{"start":{"line":3,"column":21},"end":{"line":25,"column":1}},"line":3}},"branchMap":{},"s":{"0":4,"1":7},"f":{"0":7},"b":{},"_coverageSchema":"1a1c01bbd47fc00a2c39e90264f33305004495a9","hash":"eda26f8a1abd91ed841287a9c49c8e9fcd620abf"}
,"/Users/alfiekelly/Desktop/quizzical/client/src/components/Navbar/index.js": {"path":"/Users/alfiekelly/Desktop/quizzical/client/src/components/Navbar/index.js","statementMap":{"0":{"start":{"line":4,"column":31},"end":{"line":12,"column":1}},"1":{"start":{"line":5,"column":19},"end":{"line":5,"column":32}},"2":{"start":{"line":7,"column":2},"end":{"line":11,"column":4}},"3":{"start":{"line":14,"column":15},"end":{"line":28,"column":1}},"4":{"start":{"line":15,"column":2},"end":{"line":27,"column":4}}},"fnMap":{"0":{"name":"(anonymous_0)","decl":{"start":{"line":4,"column":31},"end":{"line":4,"column":32}},"loc":{"start":{"line":4,"column":37},"end":{"line":12,"column":1}},"line":4},"1":{"name":"(anonymous_1)","decl":{"start":{"line":14,"column":15},"end":{"line":14,"column":16}},"loc":{"start":{"line":14,"column":21},"end":{"line":28,"column":1}},"line":14}},"branchMap":{},"s":{"0":4,"1":11,"2":8,"3":4,"4":11},"f":{"0":11,"1":11},"b":{},"_coverageSchema":"1a1c01bbd47fc00a2c39e90264f33305004495a9","hash":"185c010e4b250b96eb598c1043ab7109a44fbc89"}
,"/Users/alfiekelly/Desktop/quizzical/client/src/components/Results/index.js": {"path":"/Users/alfiekelly/Desktop/quizzical/client/src/components/Results/index.js","statementMap":{"0":{"start":{"line":11,"column":2},"end":{"line":21,"column":4}}},"fnMap":{"0":{"name":"(anonymous_0)","decl":{"start":{"line":4,"column":15},"end":{"line":4,"column":16}},"loc":{"start":{"line":4,"column":37},"end":{"line":22,"column":1}},"line":4}},"branchMap":{},"s":{"0":0},"f":{"0":0},"b":{},"_coverageSchema":"1a1c01bbd47fc00a2c39e90264f33305004495a9","hash":"6af68fddd813014a300eba2e6d71579392a4dc8f"}
,"/Users/alfiekelly/Desktop/quizzical/client/src/components/SelectField/index.js": {"path":"/Users/alfiekelly/Desktop/quizzical/client/src/components/SelectField/index.js","statementMap":{"0":{"start":{"line":5,"column":20},"end":{"line":26,"column":1}},"1":{"start":{"line":6,"column":29},"end":{"line":6,"column":34}},"2":{"start":{"line":8,"column":28},"end":{"line":8,"column":40}},"3":{"start":{"line":10,"column":23},"end":{"line":10,"column":56}},"4":{"start":{"line":10,"column":31},"end":{"line":10,"column":55}},"5":{"start":{"line":12,"column":2},"end":{"line":25,"column":4}},"6":{"start":{"line":18,"column":14},"end":{"line":20,"column":25}}},"fnMap":{"0":{"name":"(anonymous_0)","decl":{"start":{"line":5,"column":20},"end":{"line":5,"column":21}},"loc":{"start":{"line":5,"column":31},"end":{"line":26,"column":1}},"line":5},"1":{"name":"(anonymous_1)","decl":{"start":{"line":10,"column":23},"end":{"line":10,"column":24}},"loc":{"start":{"line":10,"column":30},"end":{"line":10,"column":56}},"line":10},"2":{"name":"(anonymous_2)","decl":{"start":{"line":17,"column":23},"end":{"line":17,"column":24}},"loc":{"start":{"line":18,"column":14},"end":{"line":20,"column":25}},"line":18}},"branchMap":{},"s":{"0":3,"1":0,"2":0,"3":0,"4":0,"5":0,"6":0},"f":{"0":0,"1":0,"2":0},"b":{},"_coverageSchema":"1a1c01bbd47fc00a2c39e90264f33305004495a9","hash":"fd0bc9a6210a9f3a89456825af133881ca9d904e"}
,"/Users/alfiekelly/Desktop/quizzical/client/src/components/TextFieldComp/index.js": {"path":"/Users/alfiekelly/Desktop/quizzical/client/src/components/TextFieldComp/index.js","statementMap":{"0":{"start":{"line":5,"column":22},"end":{"line":25,"column":1}},"1":{"start":{"line":6,"column":30},"end":{"line":6,"column":42}},"2":{"start":{"line":8,"column":31},"end":{"line":8,"column":36}},"3":{"start":{"line":10,"column":25},"end":{"line":10,"column":58}},"4":{"start":{"line":10,"column":33},"end":{"line":10,"column":57}},"5":{"start":{"line":12,"column":4},"end":{"line":24,"column":5}}},"fnMap":{"0":{"name":"(anonymous_0)","decl":{"start":{"line":5,"column":22},"end":{"line":5,"column":23}},"loc":{"start":{"line":5,"column":33},"end":{"line":25,"column":1}},"line":5},"1":{"name":"(anonymous_1)","decl":{"start":{"line":10,"column":25},"end":{"line":10,"column":26}},"loc":{"start":{"line":10,"column":32},"end":{"line":10,"column":58}},"line":10}},"branchMap":{},"s":{"0":3,"1":0,"2":0,"3":0,"4":0,"5":0},"f":{"0":0,"1":0},"b":{},"_coverageSchema":"1a1c01bbd47fc00a2c39e90264f33305004495a9","hash":"0924e34c8e922aa2f799d7f8d030f145ae3a5b7d"}
,"/Users/alfiekelly/Desktop/quizzical/client/src/reducers/categoriesSlice.js": {"path":"/Users/alfiekelly/Desktop/quizzical/client/src/reducers/categoriesSlice.js","statementMap":{"0":{"start":{"line":4,"column":31},"end":{"line":10,"column":1}},"1":{"start":{"line":7,"column":16},"end":{"line":7,"column":37}},"2":{"start":{"line":8,"column":4},"end":{"line":8,"column":15}},"3":{"start":{"line":12,"column":31},"end":{"line":33,"column":2}},"4":{"start":{"line":22,"column":6},"end":{"line":22,"column":31}},"5":{"start":{"line":25,"column":6},"end":{"line":25,"column":33}},"6":{"start":{"line":26,"column":6},"end":{"line":26,"column":65}},"7":{"start":{"line":29,"column":6},"end":{"line":29,"column":30}},"8":{"start":{"line":30,"column":6},"end":{"line":30,"column":41}},"9":{"start":{"line":35,"column":26},"end":{"line":35,"column":62}},"10":{"start":{"line":35,"column":35},"end":{"line":35,"column":62}}},"fnMap":{"0":{"name":"(anonymous_0)","decl":{"start":{"line":6,"column":2},"end":{"line":6,"column":3}},"loc":{"start":{"line":6,"column":14},"end":{"line":9,"column":3}},"line":6},"1":{"name":"(anonymous_1)","decl":{"start":{"line":21,"column":31},"end":{"line":21,"column":32}},"loc":{"start":{"line":21,"column":50},"end":{"line":23,"column":5}},"line":21},"2":{"name":"(anonymous_2)","decl":{"start":{"line":24,"column":33},"end":{"line":24,"column":34}},"loc":{"start":{"line":24,"column":52},"end":{"line":27,"column":5}},"line":24},"3":{"name":"(anonymous_3)","decl":{"start":{"line":28,"column":32},"end":{"line":28,"column":33}},"loc":{"start":{"line":28,"column":51},"end":{"line":31,"column":5}},"line":28},"4":{"name":"(anonymous_4)","decl":{"start":{"line":35,"column":26},"end":{"line":35,"column":27}},"loc":{"start":{"line":35,"column":35},"end":{"line":35,"column":62}},"line":35}},"branchMap":{},"s":{"0":4,"1":1,"2":0,"3":4,"4":1,"5":0,"6":0,"7":0,"8":0,"9":4,"10":3},"f":{"0":1,"1":1,"2":0,"3":0,"4":3},"b":{},"_coverageSchema":"1a1c01bbd47fc00a2c39e90264f33305004495a9","hash":"cf34bdcc2bcfa4998b49227c56dca942f62c60fa"}
,"/Users/alfiekelly/Desktop/quizzical/client/src/reducers/gameSlice.js": {"path":"/Users/alfiekelly/Desktop/quizzical/client/src/reducers/gameSlice.js","statementMap":{"0":{"start":{"line":3,"column":27},"end":{"line":5,"column":2}},"1":{"start":{"line":4,"column":2},"end":{"line":4,"column":12}},"2":{"start":{"line":7,"column":25},"end":{"line":64,"column":2}},"3":{"start":{"line":24,"column":6},"end":{"line":24,"column":28}},"4":{"start":{"line":27,"column":6},"end":{"line":27,"column":43}},"5":{"start":{"line":30,"column":6},"end":{"line":30,"column":31}},"6":{"start":{"line":33,"column":6},"end":{"line":33,"column":41}},"7":{"start":{"line":36,"column":6},"end":{"line":36,"column":41}},"8":{"start":{"line":39,"column":6},"end":{"line":39,"column":40}},"9":{"start":{"line":42,"column":6},"end":{"line":42,"column":41}},"10":{"start":{"line":45,"column":6},"end":{"line":45,"column":48}},"11":{"start":{"line":53,"column":6},"end":{"line":53,"column":31}},"12":{"start":{"line":56,"column":6},"end":{"line":56,"column":33}},"13":{"start":{"line":57,"column":6},"end":{"line":57,"column":32}},"14":{"start":{"line":60,"column":6},"end":{"line":60,"column":30}},"15":{"start":{"line":61,"column":6},"end":{"line":61,"column":41}},"16":{"start":{"line":75,"column":4},"end":{"line":75,"column":21}},"17":{"start":{"line":77,"column":26},"end":{"line":77,"column":56}},"18":{"start":{"line":77,"column":35},"end":{"line":77,"column":56}},"19":{"start":{"line":78,"column":29},"end":{"line":78,"column":62}},"20":{"start":{"line":78,"column":38},"end":{"line":78,"column":62}},"21":{"start":{"line":79,"column":22},"end":{"line":79,"column":44}},"22":{"start":{"line":79,"column":31},"end":{"line":79,"column":44}},"23":{"start":{"line":80,"column":22},"end":{"line":80,"column":48}},"24":{"start":{"line":80,"column":31},"end":{"line":80,"column":48}}},"fnMap":{"0":{"name":"(anonymous_0)","decl":{"start":{"line":3,"column":64},"end":{"line":3,"column":65}},"loc":{"start":{"line":3,"column":76},"end":{"line":5,"column":1}},"line":3},"1":{"name":"(anonymous_1)","decl":{"start":{"line":23,"column":20},"end":{"line":23,"column":21}},"loc":{"start":{"line":23,"column":39},"end":{"line":25,"column":5}},"line":23},"2":{"name":"(anonymous_2)","decl":{"start":{"line":26,"column":22},"end":{"line":26,"column":23}},"loc":{"start":{"line":26,"column":41},"end":{"line":28,"column":5}},"line":26},"3":{"name":"(anonymous_3)","decl":{"start":{"line":29,"column":23},"end":{"line":29,"column":24}},"loc":{"start":{"line":29,"column":42},"end":{"line":31,"column":5}},"line":29},"4":{"name":"(anonymous_4)","decl":{"start":{"line":32,"column":15},"end":{"line":32,"column":16}},"loc":{"start":{"line":32,"column":34},"end":{"line":34,"column":5}},"line":32},"5":{"name":"(anonymous_5)","decl":{"start":{"line":35,"column":20},"end":{"line":35,"column":21}},"loc":{"start":{"line":35,"column":39},"end":{"line":37,"column":5}},"line":35},"6":{"name":"(anonymous_6)","decl":{"start":{"line":38,"column":19},"end":{"line":38,"column":20}},"loc":{"start":{"line":38,"column":38},"end":{"line":40,"column":5}},"line":38},"7":{"name":"(anonymous_7)","decl":{"start":{"line":41,"column":15},"end":{"line":41,"column":16}},"loc":{"start":{"line":41,"column":34},"end":{"line":43,"column":5}},"line":41},"8":{"name":"(anonymous_8)","decl":{"start":{"line":44,"column":25},"end":{"line":44,"column":26}},"loc":{"start":{"line":44,"column":44},"end":{"line":46,"column":5}},"line":44},"9":{"name":"(anonymous_9)","decl":{"start":{"line":52,"column":27},"end":{"line":52,"column":28}},"loc":{"start":{"line":52,"column":46},"end":{"line":54,"column":5}},"line":52},"10":{"name":"(anonymous_10)","decl":{"start":{"line":55,"column":29},"end":{"line":55,"column":30}},"loc":{"start":{"line":55,"column":48},"end":{"line":58,"column":5}},"line":55},"11":{"name":"(anonymous_11)","decl":{"start":{"line":59,"column":28},"end":{"line":59,"column":29}},"loc":{"start":{"line":59,"column":47},"end":{"line":62,"column":5}},"line":59},"12":{"name":"(anonymous_12)","decl":{"start":{"line":77,"column":26},"end":{"line":77,"column":27}},"loc":{"start":{"line":77,"column":35},"end":{"line":77,"column":56}},"line":77},"13":{"name":"(anonymous_13)","decl":{"start":{"line":78,"column":29},"end":{"line":78,"column":30}},"loc":{"start":{"line":78,"column":38},"end":{"line":78,"column":62}},"line":78},"14":{"name":"(anonymous_14)","decl":{"start":{"line":79,"column":22},"end":{"line":79,"column":23}},"loc":{"start":{"line":79,"column":31},"end":{"line":79,"column":44}},"line":79},"15":{"name":"(anonymous_15)","decl":{"start":{"line":80,"column":22},"end":{"line":80,"column":23}},"loc":{"start":{"line":80,"column":31},"end":{"line":80,"column":48}},"line":80}},"branchMap":{},"s":{"0":1,"1":0,"2":1,"3":0,"4":0,"5":0,"6":0,"7":0,"8":0,"9":0,"10":0,"11":0,"12":0,"13":0,"14":0,"15":0,"16":1,"17":1,"18":0,"19":1,"20":0,"21":1,"22":0,"23":1,"24":0},"f":{"0":0,"1":0,"2":0,"3":0,"4":0,"5":0,"6":0,"7":0,"8":0,"9":0,"10":0,"11":0,"12":0,"13":0,"14":0,"15":0},"b":{},"_coverageSchema":"1a1c01bbd47fc00a2c39e90264f33305004495a9","hash":"3bcb43704937bd489aeeafb75f15e23447297424"}
,"/Users/alfiekelly/Desktop/quizzical/client/src/reducers/questionsSlice.js": {"path":"/Users/alfiekelly/Desktop/quizzical/client/src/reducers/questionsSlice.js","statementMap":{"0":{"start":{"line":3,"column":30},"end":{"line":21,"column":2}},"1":{"start":{"line":12,"column":6},"end":{"line":12,"column":38}},"2":{"start":{"line":15,"column":6},"end":{"line":15,"column":37}},"3":{"start":{"line":18,"column":6},"end":{"line":18,"column":43}},"4":{"start":{"line":27,"column":4},"end":{"line":27,"column":26}},"5":{"start":{"line":29,"column":31},"end":{"line":29,"column":64}},"6":{"start":{"line":29,"column":40},"end":{"line":29,"column":64}},"7":{"start":{"line":30,"column":26},"end":{"line":30,"column":58}},"8":{"start":{"line":30,"column":35},"end":{"line":30,"column":58}},"9":{"start":{"line":31,"column":26},"end":{"line":31,"column":64}},"10":{"start":{"line":31,"column":35},"end":{"line":31,"column":64}}},"fnMap":{"0":{"name":"(anonymous_0)","decl":{"start":{"line":11,"column":17},"end":{"line":11,"column":18}},"loc":{"start":{"line":11,"column":36},"end":{"line":13,"column":5}},"line":11},"1":{"name":"(anonymous_1)","decl":{"start":{"line":14,"column":16},"end":{"line":14,"column":17}},"loc":{"start":{"line":14,"column":35},"end":{"line":16,"column":5}},"line":14},"2":{"name":"(anonymous_2)","decl":{"start":{"line":17,"column":22},"end":{"line":17,"column":23}},"loc":{"start":{"line":17,"column":41},"end":{"line":19,"column":5}},"line":17},"3":{"name":"(anonymous_3)","decl":{"start":{"line":29,"column":31},"end":{"line":29,"column":32}},"loc":{"start":{"line":29,"column":40},"end":{"line":29,"column":64}},"line":29},"4":{"name":"(anonymous_4)","decl":{"start":{"line":30,"column":26},"end":{"line":30,"column":27}},"loc":{"start":{"line":30,"column":35},"end":{"line":30,"column":58}},"line":30},"5":{"name":"(anonymous_5)","decl":{"start":{"line":31,"column":26},"end":{"line":31,"column":27}},"loc":{"start":{"line":31,"column":35},"end":{"line":31,"column":64}},"line":31}},"branchMap":{},"s":{"0":1,"1":0,"2":0,"3":0,"4":1,"5":1,"6":0,"7":1,"8":0,"9":1,"10":0},"f":{"0":0,"1":0,"2":0,"3":0,"4":0,"5":0},"b":{},"_coverageSchema":"1a1c01bbd47fc00a2c39e90264f33305004495a9","hash":"28bf2982d5f4220ccf1c320dedaeb72200d1f3cf"}
}
