TN:
SF:src/store.js
FNF:0
FNH:0
LF:0
LH:0
BRF:0
BRH:0
end_of_record
TN:
SF:src/Pages/BeforeYouStartPage/index.js
FN:5,(anonymous_0)
FN:15,(anonymous_1)
FN:44,(anonymous_2)
FNF:3
FNH:3
FNDA:3,(anonymous_0)
FNDA:4,(anonymous_1)
FNDA:1,(anonymous_2)
DA:5,1
DA:6,3
DA:8,3
DA:15,1
DA:16,4
DA:17,3
DA:44,1
LF:7
LH:7
BRF:0
BRH:0
end_of_record
TN:
SF:src/Pages/LandingPage/index.js
FN:5,(anonymous_0)
FN:15,(anonymous_1)
FN:36,(anonymous_2)
FN:43,(anonymous_3)
FNF:4
FNH:4
FNDA:7,(anonymous_0)
FNDA:7,(anonymous_1)
FNDA:1,(anonymous_2)
FNDA:1,(anonymous_3)
DA:5,1
DA:6,7
DA:8,6
DA:15,1
DA:17,7
DA:19,6
DA:36,1
DA:43,1
LF:8
LH:8
BRF:0
BRH:0
end_of_record
TN:
SF:src/Pages/ResultsPage/index.js
FN:5,(anonymous_0)
FN:15,(anonymous_1)
FN:67,(anonymous_2)
FNF:3
FNH:3
FNDA:3,(anonymous_0)
FNDA:4,(anonymous_1)
FNDA:1,(anonymous_2)
DA:5,1
DA:6,3
DA:8,3
DA:15,1
DA:16,4
DA:17,3
DA:67,1
LF:7
LH:7
BRF:0
BRH:0
end_of_record
TN:
SF:src/components/index.js
FNF:0
FNH:0
DA:10,3
DA:25,3
DA:40,3
DA:55,3
DA:61,3
DA:68,3
LF:6
LH:6
BRF:0
BRH:0
end_of_record
TN:
SF:src/components/Categories/index.js
FN:15,(anonymous_0)
FN:20,(anonymous_1)
FN:27,(anonymous_2)
FN:30,(anonymous_3)
FN:62,(anonymous_4)
FNF:5
FNH:3
FNDA:2,(anonymous_0)
FNDA:0,(anonymous_1)
FNDA:3,(anonymous_2)
FNDA:2,(anonymous_3)
FNDA:0,(anonymous_4)
DA:15,4
DA:16,2
DA:18,2
DA:20,2
DA:22,2
DA:25,2
DA:27,3
DA:30,2
DA:31,2
DA:32,1
DA:37,2
DA:41,2
DA:42,1
DA:49,1
DA:50,0
DA:57,1
DA:63,0
LF:17
LH:15
BRDA:31,0,0,1
BRDA:31,0,1,1
BRDA:41,1,0,1
BRDA:41,1,1,1
BRDA:49,2,0,0
BRDA:49,2,1,1
BRF:6
BRH:5
end_of_record
TN:
SF:src/components/Footer/index.js
FN:3,(anonymous_0)
FNF:1
FNH:1
FNDA:7,(anonymous_0)
DA:3,4
DA:4,7
LF:2
LH:2
BRF:0
BRH:0
end_of_record
TN:
SF:src/components/Navbar/index.js
FN:4,(anonymous_0)
FN:14,(anonymous_1)
FNF:2
FNH:2
FNDA:11,(anonymous_0)
FNDA:11,(anonymous_1)
DA:4,4
DA:5,11
DA:7,8
DA:14,4
DA:15,11
LF:5
LH:5
BRF:0
BRH:0
end_of_record
TN:
SF:src/components/Results/index.js
FN:4,(anonymous_0)
FNF:1
FNH:0
FNDA:0,(anonymous_0)
DA:11,0
LF:1
LH:0
BRF:0
BRH:0
end_of_record
TN:
SF:src/components/SelectField/index.js
FN:5,(anonymous_0)
FN:10,(anonymous_1)
FN:17,(anonymous_2)
FNF:3
FNH:0
FNDA:0,(anonymous_0)
FNDA:0,(anonymous_1)
FNDA:0,(anonymous_2)
DA:5,3
DA:6,0
DA:8,0
DA:10,0
DA:12,0
DA:18,0
LF:6
LH:1
BRF:0
BRH:0
end_of_record
TN:
SF:src/components/TextFieldComp/index.js
FN:5,(anonymous_0)
FN:10,(anonymous_1)
FNF:2
FNH:0
FNDA:0,(anonymous_0)
FNDA:0,(anonymous_1)
DA:5,3
DA:6,0
DA:8,0
DA:10,0
DA:12,0
LF:5
LH:1
BRF:0
BRH:0
end_of_record
TN:
SF:src/reducers/categoriesSlice.js
FN:6,(anonymous_0)
FN:21,(anonymous_1)
FN:24,(anonymous_2)
FN:28,(anonymous_3)
FN:35,(anonymous_4)
FNF:5
FNH:3
FNDA:1,(anonymous_0)
FNDA:1,(anonymous_1)
FNDA:0,(anonymous_2)
FNDA:0,(anonymous_3)
FNDA:3,(anonymous_4)
DA:4,4
DA:7,1
DA:8,0
DA:12,4
DA:22,1
DA:25,0
DA:26,0
DA:29,0
DA:30,0
DA:35,4
LF:10
LH:5
BRF:0
BRH:0
end_of_record
TN:
SF:src/reducers/gameSlice.js
FN:3,(anonymous_0)
FN:23,(anonymous_1)
FN:26,(anonymous_2)
FN:29,(anonymous_3)
FN:32,(anonymous_4)
FN:35,(anonymous_5)
FN:38,(anonymous_6)
FN:41,(anonymous_7)
FN:44,(anonymous_8)
FN:52,(anonymous_9)
FN:55,(anonymous_10)
FN:59,(anonymous_11)
FN:77,(anonymous_12)
FN:78,(anonymous_13)
FN:79,(anonymous_14)
FN:80,(anonymous_15)
FNF:16
FNH:0
FNDA:0,(anonymous_0)
FNDA:0,(anonymous_1)
FNDA:0,(anonymous_2)
FNDA:0,(anonymous_3)
FNDA:0,(anonymous_4)
FNDA:0,(anonymous_5)
FNDA:0,(anonymous_6)
FNDA:0,(anonymous_7)
FNDA:0,(anonymous_8)
FNDA:0,(anonymous_9)
FNDA:0,(anonymous_10)
FNDA:0,(anonymous_11)
FNDA:0,(anonymous_12)
FNDA:0,(anonymous_13)
FNDA:0,(anonymous_14)
FNDA:0,(anonymous_15)
DA:3,1
DA:4,0
DA:7,1
DA:24,0
DA:27,0
DA:30,0
DA:33,0
DA:36,0
DA:39,0
DA:42,0
DA:45,0
DA:53,0
DA:56,0
DA:57,0
DA:60,0
DA:61,0
DA:75,1
DA:77,1
DA:78,1
DA:79,1
DA:80,1
LF:21
LH:7
BRF:0
BRH:0
end_of_record
TN:
SF:src/reducers/questionsSlice.js
FN:11,(anonymous_0)
FN:14,(anonymous_1)
FN:17,(anonymous_2)
FN:29,(anonymous_3)
FN:30,(anonymous_4)
FN:31,(anonymous_5)
FNF:6
FNH:0
FNDA:0,(anonymous_0)
FNDA:0,(anonymous_1)
FNDA:0,(anonymous_2)
FNDA:0,(anonymous_3)
FNDA:0,(anonymous_4)
FNDA:0,(anonymous_5)
DA:3,1
DA:12,0
DA:15,0
DA:18,0
DA:27,1
DA:29,1
DA:30,1
DA:31,1
LF:8
LH:5
BRF:0
BRH:0
end_of_record
