{"/Users/alfiekelly/Desktop/quizzical/api/db.js": {"path":"/Users/alfiekelly/Desktop/quizzical/api/db.js","statementMap":{"0":{"start":{"line":1,"column":24},"end":{"line":1,"column":42}},"1":{"start":{"line":5,"column":19},"end":{"line":5,"column":116}},"2":{"start":{"line":7,"column":0},"end":{"line":20,"column":1}},"3":{"start":{"line":9,"column":8},"end":{"line":17,"column":14}},"4":{"start":{"line":11,"column":16},"end":{"line":11,"column":42}},"5":{"start":{"line":12,"column":16},"end":{"line":12,"column":27}},"6":{"start":{"line":15,"column":16},"end":{"line":15,"column":33}},"7":{"start":{"line":16,"column":16},"end":{"line":16,"column":30}},"8":{"start":{"line":19,"column":17},"end":{"line":19,"column":29}}},"fnMap":{"0":{"name":"(anonymous_0)","decl":{"start":{"line":8,"column":17},"end":{"line":8,"column":18}},"loc":{"start":{"line":8,"column":25},"end":{"line":18,"column":5}},"line":8},"1":{"name":"(anonymous_1)","decl":{"start":{"line":10,"column":18},"end":{"line":10,"column":19}},"loc":{"start":{"line":10,"column":30},"end":{"line":13,"column":13}},"line":10},"2":{"name":"(anonymous_2)","decl":{"start":{"line":14,"column":19},"end":{"line":14,"column":20}},"loc":{"start":{"line":14,"column":26},"end":{"line":17,"column":13}},"line":14},"3":{"name":"(anonymous_3)","decl":{"start":{"line":19,"column":11},"end":{"line":19,"column":12}},"loc":{"start":{"line":19,"column":17},"end":{"line":19,"column":29}},"line":19}},"branchMap":{},"s":{"0":1,"1":1,"2":1,"3":1,"4":0,"5":0,"6":0,"7":0,"8":0},"f":{"0":1,"1":0,"2":0,"3":0},"b":{},"_coverageSchema":"1a1c01bbd47fc00a2c39e90264f33305004495a9","hash":"f07320f3f9ae5fd82fa0aace2f4eeed36bd6add6"}
,"/Users/alfiekelly/Desktop/quizzical/api/controllers/users.js": {"path":"/Users/alfiekelly/Desktop/quizzical/api/controllers/users.js","statementMap":{"0":{"start":{"line":1,"column":13},"end":{"line":1,"column":42}},"1":{"start":{"line":4,"column":2},"end":{"line":9,"column":3}},"2":{"start":{"line":5,"column":18},"end":{"line":5,"column":32}},"3":{"start":{"line":6,"column":4},"end":{"line":6,"column":32}},"4":{"start":{"line":8,"column":4},"end":{"line":8,"column":34}},"5":{"start":{"line":13,"column":2},"end":{"line":18,"column":3}},"6":{"start":{"line":14,"column":18},"end":{"line":14,"column":68}},"7":{"start":{"line":15,"column":4},"end":{"line":15,"column":32}},"8":{"start":{"line":17,"column":4},"end":{"line":17,"column":34}},"9":{"start":{"line":22,"column":2},"end":{"line":27,"column":3}},"10":{"start":{"line":23,"column":18},"end":{"line":23,"column":65}},"11":{"start":{"line":24,"column":4},"end":{"line":24,"column":32}},"12":{"start":{"line":26,"column":4},"end":{"line":26,"column":34}},"13":{"start":{"line":31,"column":2},"end":{"line":36,"column":3}},"14":{"start":{"line":32,"column":18},"end":{"line":32,"column":65}},"15":{"start":{"line":33,"column":4},"end":{"line":33,"column":32}},"16":{"start":{"line":35,"column":4},"end":{"line":35,"column":34}},"17":{"start":{"line":40,"column":2},"end":{"line":45,"column":3}},"18":{"start":{"line":41,"column":18},"end":{"line":41,"column":56}},"19":{"start":{"line":42,"column":4},"end":{"line":42,"column":32}},"20":{"start":{"line":44,"column":4},"end":{"line":44,"column":34}},"21":{"start":{"line":48,"column":0},"end":{"line":48,"column":58}}},"fnMap":{"0":{"name":"index","decl":{"start":{"line":3,"column":15},"end":{"line":3,"column":20}},"loc":{"start":{"line":3,"column":31},"end":{"line":10,"column":1}},"line":3},"1":{"name":"show","decl":{"start":{"line":12,"column":15},"end":{"line":12,"column":19}},"loc":{"start":{"line":12,"column":30},"end":{"line":19,"column":1}},"line":12},"2":{"name":"create","decl":{"start":{"line":21,"column":15},"end":{"line":21,"column":21}},"loc":{"start":{"line":21,"column":32},"end":{"line":28,"column":1}},"line":21},"3":{"name":"update","decl":{"start":{"line":30,"column":15},"end":{"line":30,"column":21}},"loc":{"start":{"line":30,"column":32},"end":{"line":37,"column":1}},"line":30},"4":{"name":"destroy","decl":{"start":{"line":39,"column":15},"end":{"line":39,"column":22}},"loc":{"start":{"line":39,"column":33},"end":{"line":46,"column":1}},"line":39}},"branchMap":{},"s":{"0":1,"1":1,"2":1,"3":1,"4":0,"5":1,"6":1,"7":1,"8":0,"9":1,"10":1,"11":0,"12":1,"13":0,"14":0,"15":0,"16":0,"17":0,"18":0,"19":0,"20":0,"21":1},"f":{"0":1,"1":1,"2":1,"3":0,"4":0},"b":{},"_coverageSchema":"1a1c01bbd47fc00a2c39e90264f33305004495a9","hash":"61112a14e320c6f3a89e1766c269e4bc1a35e9ab"}
,"/Users/alfiekelly/Desktop/quizzical/api/models/Users.js": {"path":"/Users/alfiekelly/Desktop/quizzical/api/models/Users.js","statementMap":{"0":{"start":{"line":1,"column":31},"end":{"line":1,"column":47}},"1":{"start":{"line":2,"column":21},"end":{"line":2,"column":39}},"2":{"start":{"line":4,"column":0},"end":{"line":6,"column":2}},"3":{"start":{"line":5,"column":2},"end":{"line":5,"column":14}},"4":{"start":{"line":11,"column":4},"end":{"line":11,"column":22}},"5":{"start":{"line":12,"column":4},"end":{"line":12,"column":34}},"6":{"start":{"line":13,"column":4},"end":{"line":13,"column":28}},"7":{"start":{"line":17,"column":4},"end":{"line":33,"column":7}},"8":{"start":{"line":18,"column":6},"end":{"line":32,"column":7}},"9":{"start":{"line":19,"column":23},"end":{"line":19,"column":70}},"10":{"start":{"line":22,"column":22},"end":{"line":22,"column":52}},"11":{"start":{"line":22,"column":40},"end":{"line":22,"column":51}},"12":{"start":{"line":25,"column":8},"end":{"line":27,"column":9}},"13":{"start":{"line":26,"column":10},"end":{"line":26,"column":55}},"14":{"start":{"line":29,"column":8},"end":{"line":29,"column":19}},"15":{"start":{"line":31,"column":8},"end":{"line":31,"column":55}},"16":{"start":{"line":37,"column":4},"end":{"line":56,"column":7}},"17":{"start":{"line":38,"column":6},"end":{"line":55,"column":7}},"18":{"start":{"line":39,"column":22},"end":{"line":42,"column":9}},"19":{"start":{"line":44,"column":8},"end":{"line":44,"column":29}},"20":{"start":{"line":46,"column":27},"end":{"line":48,"column":29}},"21":{"start":{"line":50,"column":19},"end":{"line":50,"column":39}},"22":{"start":{"line":52,"column":8},"end":{"line":52,"column":18}},"23":{"start":{"line":54,"column":8},"end":{"line":54,"column":43}},"24":{"start":{"line":60,"column":4},"end":{"line":70,"column":7}},"25":{"start":{"line":61,"column":6},"end":{"line":69,"column":7}},"26":{"start":{"line":62,"column":25},"end":{"line":64,"column":42}},"27":{"start":{"line":66,"column":8},"end":{"line":66,"column":32}},"28":{"start":{"line":68,"column":8},"end":{"line":68,"column":45}},"29":{"start":{"line":74,"column":4},"end":{"line":88,"column":7}},"30":{"start":{"line":75,"column":6},"end":{"line":87,"column":7}},"31":{"start":{"line":76,"column":27},"end":{"line":81,"column":11}},"32":{"start":{"line":83,"column":8},"end":{"line":83,"column":30}},"33":{"start":{"line":85,"column":8},"end":{"line":85,"column":43}},"34":{"start":{"line":86,"column":8},"end":{"line":86,"column":24}},"35":{"start":{"line":92,"column":4},"end":{"line":105,"column":7}},"36":{"start":{"line":93,"column":6},"end":{"line":104,"column":7}},"37":{"start":{"line":94,"column":27},"end":{"line":98,"column":11}},"38":{"start":{"line":100,"column":8},"end":{"line":100,"column":34}},"39":{"start":{"line":102,"column":8},"end":{"line":102,"column":43}},"40":{"start":{"line":103,"column":8},"end":{"line":103,"column":24}},"41":{"start":{"line":109,"column":0},"end":{"line":109,"column":22}}},"fnMap":{"0":{"name":"(anonymous_0)","decl":{"start":{"line":4,"column":12},"end":{"line":4,"column":13}},"loc":{"start":{"line":4,"column":18},"end":{"line":6,"column":1}},"line":4},"1":{"name":"(anonymous_1)","decl":{"start":{"line":10,"column":2},"end":{"line":10,"column":3}},"loc":{"start":{"line":10,"column":20},"end":{"line":14,"column":3}},"line":10},"2":{"name":"(anonymous_2)","decl":{"start":{"line":16,"column":2},"end":{"line":16,"column":3}},"loc":{"start":{"line":16,"column":19},"end":{"line":34,"column":3}},"line":16},"3":{"name":"(anonymous_3)","decl":{"start":{"line":17,"column":23},"end":{"line":17,"column":24}},"loc":{"start":{"line":17,"column":43},"end":{"line":33,"column":5}},"line":17},"4":{"name":"(anonymous_4)","decl":{"start":{"line":22,"column":33},"end":{"line":22,"column":34}},"loc":{"start":{"line":22,"column":40},"end":{"line":22,"column":51}},"line":22},"5":{"name":"(anonymous_5)","decl":{"start":{"line":36,"column":2},"end":{"line":36,"column":3}},"loc":{"start":{"line":36,"column":37},"end":{"line":57,"column":3}},"line":36},"6":{"name":"(anonymous_6)","decl":{"start":{"line":37,"column":23},"end":{"line":37,"column":24}},"loc":{"start":{"line":37,"column":43},"end":{"line":56,"column":5}},"line":37},"7":{"name":"(anonymous_7)","decl":{"start":{"line":59,"column":2},"end":{"line":59,"column":3}},"loc":{"start":{"line":59,"column":34},"end":{"line":71,"column":3}},"line":59},"8":{"name":"(anonymous_8)","decl":{"start":{"line":60,"column":23},"end":{"line":60,"column":24}},"loc":{"start":{"line":60,"column":43},"end":{"line":70,"column":5}},"line":60},"9":{"name":"(anonymous_9)","decl":{"start":{"line":73,"column":2},"end":{"line":73,"column":3}},"loc":{"start":{"line":73,"column":38},"end":{"line":89,"column":3}},"line":73},"10":{"name":"(anonymous_10)","decl":{"start":{"line":74,"column":23},"end":{"line":74,"column":24}},"loc":{"start":{"line":74,"column":43},"end":{"line":88,"column":5}},"line":74},"11":{"name":"(anonymous_11)","decl":{"start":{"line":91,"column":2},"end":{"line":91,"column":3}},"loc":{"start":{"line":91,"column":32},"end":{"line":106,"column":3}},"line":91},"12":{"name":"(anonymous_12)","decl":{"start":{"line":92,"column":23},"end":{"line":92,"column":24}},"loc":{"start":{"line":92,"column":43},"end":{"line":105,"column":5}},"line":92}},"branchMap":{"0":{"loc":{"start":{"line":25,"column":8},"end":{"line":27,"column":9}},"type":"if","locations":[{"start":{"line":25,"column":8},"end":{"line":27,"column":9}},{"start":{},"end":{}}],"line":25}},"s":{"0":1,"1":1,"2":1,"3":0,"4":3,"5":3,"6":3,"7":0,"8":0,"9":0,"10":0,"11":0,"12":0,"13":0,"14":0,"15":0,"16":0,"17":0,"18":0,"19":0,"20":0,"21":0,"22":0,"23":0,"24":0,"25":0,"26":0,"27":0,"28":0,"29":0,"30":0,"31":0,"32":0,"33":0,"34":0,"35":0,"36":0,"37":0,"38":0,"39":0,"40":0,"41":1},"f":{"0":0,"1":3,"2":0,"3":0,"4":0,"5":0,"6":0,"7":0,"8":0,"9":0,"10":0,"11":0,"12":0},"b":{"0":[0,0]},"_coverageSchema":"1a1c01bbd47fc00a2c39e90264f33305004495a9","hash":"8f161faaea8d619b041461f590f26e6f03daa988"}
}
